{"C:\\Users\\desai\\Desktop\\projects\\interview\\financial-instruments\\src\\__tests__\\testData\\mockData.ts": {"path":"C:\\Users\\desai\\Desktop\\projects\\interview\\financial-instruments\\src\\__tests__\\testData\\mockData.ts","statementMap":{"0":{"start":{"line":2,"column":13},"end":{"line":17,"column":2}}},"fnMap":{},"branchMap":{},"s":{"0":1},"f":{},"b":{}}
,"C:\\Users\\desai\\Desktop\\projects\\interview\\financial-instruments\\src\\components\\Table\\Table.tsx": {"path":"C:\\Users\\desai\\Desktop\\projects\\interview\\financial-instruments\\src\\components\\Table\\Table.tsx","statementMap":{"0":{"start":{"line":1,"column":0},"end":{"line":1,"column":41}},"1":{"start":{"line":2,"column":0},"end":{"line":2,"column":48}},"2":{"start":{"line":4,"column":0},"end":{"line":4,"column":32}},"3":{"start":{"line":7,"column":14},"end":{"line":39,"column":1}},"4":{"start":{"line":8,"column":29},"end":{"line":8,"column":43}},"5":{"start":{"line":8,"column":13},"end":{"line":8,"column":15}},"6":{"start":{"line":8,"column":24},"end":{"line":8,"column":29}},"7":{"start":{"line":9,"column":48},"end":{"line":9,"column":61}},"8":{"start":{"line":9,"column":19},"end":{"line":9,"column":21}},"9":{"start":{"line":9,"column":31},"end":{"line":9,"column":33}},"10":{"start":{"line":9,"column":43},"end":{"line":9,"column":48}},"11":{"start":{"line":11,"column":1},"end":{"line":13,"column":7}},"12":{"start":{"line":12,"column":2},"end":{"line":12,"column":14}},"13":{"start":{"line":15,"column":2},"end":{"line":38,"column":4}},"14":{"start":{"line":21,"column":43},"end":{"line":21,"column":82}},"15":{"start":{"line":22,"column":43},"end":{"line":22,"column":71}},"16":{"start":{"line":23,"column":43},"end":{"line":23,"column":73}},"17":{"start":{"line":27,"column":41},"end":{"line":33,"column":10}},"18":{"start":{"line":41,"column":0},"end":{"line":41,"column":21}}},"fnMap":{"0":{"name":"(anonymous_0)","decl":{"start":{"line":7,"column":14},"end":{"line":7,"column":null}},"loc":{"start":{"line":7,"column":14},"end":{"line":39,"column":1}}},"1":{"name":"(anonymous_1)","decl":{"start":{"line":11,"column":11},"end":{"line":11,"column":null}},"loc":{"start":{"line":11,"column":11},"end":{"line":13,"column":2}}},"2":{"name":"(anonymous_2)","decl":{"start":{"line":21,"column":37},"end":{"line":21,"column":43}},"loc":{"start":{"line":21,"column":37},"end":{"line":21,"column":53}}},"3":{"name":"(anonymous_3)","decl":{"start":{"line":22,"column":37},"end":{"line":22,"column":43}},"loc":{"start":{"line":22,"column":37},"end":{"line":22,"column":53}}},"4":{"name":"(anonymous_4)","decl":{"start":{"line":23,"column":37},"end":{"line":23,"column":43}},"loc":{"start":{"line":23,"column":37},"end":{"line":23,"column":53}}},"5":{"name":"(anonymous_5)","decl":{"start":{"line":27,"column":24},"end":{"line":27,"column":25}},"loc":{"start":{"line":27,"column":36},"end":{"line":27,"column":null}}}},"branchMap":{"0":{"loc":{"start":{"line":21,"column":82},"end":{"line":21,"column":125}},"type":"cond-expr","locations":[{"start":{"line":21,"column":116},"end":{"line":21,"column":119}},{"start":{"line":21,"column":122},"end":{"line":21,"column":125}}]},"1":{"loc":{"start":{"line":22,"column":71},"end":{"line":22,"column":109}},"type":"cond-expr","locations":[{"start":{"line":22,"column":100},"end":{"line":22,"column":103}},{"start":{"line":22,"column":106},"end":{"line":22,"column":109}}]},"2":{"loc":{"start":{"line":23,"column":73},"end":{"line":23,"column":112}},"type":"cond-expr","locations":[{"start":{"line":23,"column":103},"end":{"line":23,"column":106}},{"start":{"line":23,"column":109},"end":{"line":23,"column":112}}]},"3":{"loc":{"start":{"line":30,"column":27},"end":{"line":30,"column":78}},"type":"cond-expr","locations":[{"start":{"line":30,"column":45},"end":{"line":30,"column":60}},{"start":{"line":30,"column":63},"end":{"line":30,"column":78}}]}},"s":{"0":1,"1":1,"2":1,"3":1,"4":5,"5":5,"6":5,"7":5,"8":5,"9":5,"10":5,"11":5,"12":5,"13":5,"14":1,"15":1,"16":1,"17":14,"18":1},"f":{"0":5,"1":5,"2":1,"3":1,"4":1,"5":14},"b":{"0":[1,4],"1":[1,4],"2":[1,4],"3":[13,1]}}
}
