TN:
SF:src\__tests__\testData\mockData.ts
FNF:0
FNH:0
DA:2,1
LF:1
LH:1
BRF:0
BRH:0
end_of_record
TN:
SF:src\components\Table\Table.tsx
FN:7,(anonymous_0)
FN:11,(anonymous_1)
FN:21,(anonymous_2)
FN:22,(anonymous_3)
FN:23,(anonymous_4)
FN:27,(anonymous_5)
FNF:6
FNH:6
FNDA:5,(anonymous_0)
FNDA:5,(anonymous_1)
FNDA:1,(anonymous_2)
FNDA:1,(anonymous_3)
FNDA:1,(anonymous_4)
FNDA:14,(anonymous_5)
DA:1,1
DA:2,1
DA:4,1
DA:7,1
DA:8,5
DA:9,5
DA:11,5
DA:12,5
DA:15,5
DA:21,1
DA:22,1
DA:23,1
DA:27,14
DA:41,1
LF:14
LH:14
BRDA:21,0,0,1
BRDA:21,0,1,4
BRDA:22,1,0,1
BRDA:22,1,1,4
BRDA:23,2,0,1
BRDA:23,2,1,4
BRDA:30,3,0,13
BRDA:30,3,1,1
BRF:8
BRH:8
end_of_record
